<?xml version="1.0" encoding="UTF-8"?>
<testsuite xmlns:xsi="http://www.w3.org/2001/XMLSchema-instance" xsi:noNamespaceSchemaLocation="https://maven.apache.org/surefire/maven-surefire-plugin/xsd/surefire-test-report-3.0.xsd" version="3.0" name="itson.implementaciones.ResponsablesDAOTest" time="0.255" tests="8" errors="0" skipped="0" failures="0">
  <properties>
[...]
</properties>
  <testcase name="testBuscarResponsablePorId" classname="itson.implementaciones.ResponsablesDAOTest" time="0.065">
    <system-out><![CDATA[buscarResponsablePorId
]]></system-out>
  </testcase>
  <testcase name="testEliminarResponsableNoExistente" classname="itson.implementaciones.ResponsablesDAOTest" time="0.003">
    <system-out><![CDATA[eliminarResponsableNoExistente
]]></system-out>
  </testcase>
  <testcase name="testObtenerResponsables" classname="itson.implementaciones.ResponsablesDAOTest" time="0.043">
    <system-out><![CDATA[obtenerResponsables
]]></system-out>
  </testcase>
  <testcase name="testGuardarResponsable" classname="itson.implementaciones.ResponsablesDAOTest" time="0.048">
    <system-out><![CDATA[guardarResponsable
]]></system-out>
  </testcase>
  <testcase name="testBuscarResponsablePorIdNoExistente" classname="itson.implementaciones.ResponsablesDAOTest" time="0.003">
    <system-out><![CDATA[buscarResponsablePorIdNoExistente
]]></system-out>
  </testcase>
  <testcase name="testObtenerResponsablesCuandoEstaVacia" classname="itson.implementaciones.ResponsablesDAOTest" time="0.012">
    <system-out><![CDATA[obtenerResponsablesCuandoEstaVacia
]]></system-out>
  </testcase>
  <testcase name="testObtenerResponsablesPorTipo" classname="itson.implementaciones.ResponsablesDAOTest" time="0.057">
    <system-out><![CDATA[obtenerResponsablesPorTipo
]]></system-out>
  </testcase>
  <testcase name="testEliminarResponsable" classname="itson.implementaciones.ResponsablesDAOTest" time="0.019">
    <system-out><![CDATA[eliminarResponsable
]]></system-out>
  </testcase>
</testsuite>