<?xml version="1.0" encoding="UTF-8"?>
<testsuite xmlns:xsi="http://www.w3.org/2001/XMLSchema-instance" xsi:noNamespaceSchemaLocation="https://maven.apache.org/surefire/maven-surefire-plugin/xsd/surefire-test-report-3.0.xsd" version="3.0" name="itson.implementaciones.EventosDAOTest" time="1.47" tests="21" errors="0" skipped="0" failures="0">
  <properties>
[...]
</properties>
  <testcase name="testBuscarEventosPorFiltro_PorFechaInicio" classname="itson.implementaciones.EventosDAOTest" time="0.133">
    <system-out><![CDATA[buscarEventosPorFiltro_PorFechaInicio
]]></system-out>
  </testcase>
  <testcase name="testGuardarEvento_LugarActividadNoEncontrado" classname="itson.implementaciones.EventosDAOTest" time="0.05">
    <system-out><![CDATA[guardarEvento_LugarActividadNoEncontrado
]]></system-out>
  </testcase>
  <testcase name="testGuardarEvento_ResponsableEventoNoEncontrado" classname="itson.implementaciones.EventosDAOTest" time="0.004">
    <system-out><![CDATA[guardarEvento_ResponsableEventoNoEncontrado
]]></system-out>
  </testcase>
  <testcase name="testEliminarEvento_NoEncontrado" classname="itson.implementaciones.EventosDAOTest" time="0.003">
    <system-out><![CDATA[eliminarEvento_NoEncontrado
]]></system-out>
  </testcase>
  <testcase name="testBuscarEventoPorId_Exitoso" classname="itson.implementaciones.EventosDAOTest" time="0.04">
    <system-out><![CDATA[buscarEventoPorId_Exitoso
]]></system-out>
  </testcase>
  <testcase name="testModificarEstadoEvento_Exitoso" classname="itson.implementaciones.EventosDAOTest" time="0.049">
    <system-out><![CDATA[modificarEstadoEvento_Exitoso
]]></system-out>
  </testcase>
  <testcase name="testModificarEvento_Exitoso_CambioSimple" classname="itson.implementaciones.EventosDAOTest" time="0.045">
    <system-out><![CDATA[modificarEvento_Exitoso_CambioSimple
]]></system-out>
  </testcase>
  <testcase name="testBuscarEventosPorFiltro_FiltroDTOVacio" classname="itson.implementaciones.EventosDAOTest" time="0.11">
    <system-out><![CDATA[buscarEventosPorFiltro_FiltroDTOVacio
]]></system-out>
  </testcase>
  <testcase name="testBuscarEventosPorFiltro_PorModalidad" classname="itson.implementaciones.EventosDAOTest" time="0.096">
    <system-out><![CDATA[buscarEventosPorFiltro_PorModalidad
]]></system-out>
  </testcase>
  <testcase name="testObtenerEventos_Vacio" classname="itson.implementaciones.EventosDAOTest" time="0.006">
    <system-out><![CDATA[obtenerEventos_Vacio
]]></system-out>
  </testcase>
  <testcase name="testBuscarEventosPorFiltro_SinResultados" classname="itson.implementaciones.EventosDAOTest" time="0.108">
    <system-out><![CDATA[buscarEventosPorFiltro_SinResultados
]]></system-out>
  </testcase>
  <testcase name="testObtenerEventos" classname="itson.implementaciones.EventosDAOTest" time="0.073">
    <system-out><![CDATA[obtenerEventos
]]></system-out>
  </testcase>
  <testcase name="testBuscarEventosPorFiltro_PorEstado" classname="itson.implementaciones.EventosDAOTest" time="0.111">
    <system-out><![CDATA[buscarEventosPorFiltro_PorEstado
]]></system-out>
  </testcase>
  <testcase name="testBuscarEventosPorFiltro_Combinado_EstadoYFechaInicio" classname="itson.implementaciones.EventosDAOTest" time="0.142">
    <system-out><![CDATA[buscarEventosPorFiltro_Combinado_EstadoYFechaInicio
]]></system-out>
  </testcase>
  <testcase name="testBuscarEventosPorFiltro_PorTitulo" classname="itson.implementaciones.EventosDAOTest" time="0.154">
    <system-out><![CDATA[buscarEventosPorFiltro_PorTitulo
]]></system-out>
  </testcase>
  <testcase name="testEliminarEvento_Exitoso" classname="itson.implementaciones.EventosDAOTest" time="0.032">
    <system-out><![CDATA[eliminarEvento_Exitoso
]]></system-out>
  </testcase>
  <testcase name="testGuardarEventoConActividades_Exitoso" classname="itson.implementaciones.EventosDAOTest" time="0.088">
    <system-out><![CDATA[guardarEventoConActividades_Exitoso
]]></system-out>
  </testcase>
  <testcase name="testBuscarEventosPorFiltro_Combinado_TituloYModalidad" classname="itson.implementaciones.EventosDAOTest" time="0.113">
    <system-out><![CDATA[buscarEventosPorFiltro_Combinado_TituloYModalidad
]]></system-out>
  </testcase>
  <testcase name="testBuscarEventoPorId_NoEncontrado" classname="itson.implementaciones.EventosDAOTest" time="0.003">
    <system-out><![CDATA[buscarEventoPorId_NoEncontrado
]]></system-out>
  </testcase>
  <testcase name="testModificarEvento_EventoNoEncontrado" classname="itson.implementaciones.EventosDAOTest" time="0.002">
    <system-out><![CDATA[modificarEvento_EventoNoEncontrado
]]></system-out>
  </testcase>
  <testcase name="testBuscarEventosPorFiltro_PorFechaFin" classname="itson.implementaciones.EventosDAOTest" time="0.099">
    <system-out><![CDATA[buscarEventosPorFiltro_PorFechaFin
]]></system-out>
  </testcase>
</testsuite>